# JRE version: OpenJDK Runtime Environment (11.0.10) (build 11.0.10+0-b96-7249189)
# Java VM: OpenJDK 64-Bit Server VM (11.0.10+0-b96-7249189, mixed mode, tiered, compressed oops, g1 gc, windows-amd64)
Heap:
 garbage-first heap   total 607232K, used 161325K [0x0000000080000000, 0x0000000100000000)
  region size 1024K, 7 young (7168K), 7 survivors (7168K)
 Metaspace       used 95169K, capacity 97620K, committed 101452K, reserved 1136640K
  class space    used 12488K, capacity 13413K, committed 14924K, reserved 1048576K
GC Heap History (20 events):
Event: 47.246 GC heap after
{Heap after GC invocations=33 (full 0):
 garbage-first heap   total 196608K, used 150501K [0x0000000080000000, 0x0000000100000000)
  region size 1024K, 3 young (3072K), 3 survivors (3072K)
 Metaspace       used 96356K, capacity 99820K, committed 100684K, reserved 1134592K
  class space    used 13118K, capacity 14597K, committed 14924K, reserved 1048576K
}
Event: 47.310 GC heap before
{Heap before GC invocations=33 (full 0):
 garbage-first heap   total 196608K, used 169957K [0x0000000080000000, 0x0000000100000000)
  region size 1024K, 22 young (22528K), 3 survivors (3072K)
 Metaspace       used 94333K, capacity 96724K, committed 100684K, reserved 1134592K
  class space    used 12392K, capacity 13284K, committed 14924K, reserved 1048576K
}
Event: 47.314 GC heap after
{Heap after GC invocations=34 (full 0):
 garbage-first heap   total 196608K, used 150851K [0x0000000080000000, 0x0000000100000000)
  region size 1024K, 2 young (2048K), 2 survivors (2048K)
 Metaspace       used 94333K, capacity 96724K, committed 100684K, reserved 1134592K
  class space    used 12392K, capacity 13284K, committed 14924K, reserved 1048576K
}
Event: 47.355 GC heap before
{Heap before GC invocations=34 (full 0):
 garbage-first heap   total 196608K, used 170307K [0x0000000080000000, 0x0000000100000000)
  region size 1024K, 21 young (21504K), 2 survivors (2048K)
 Metaspace       used 94374K, capacity 96736K, committed 100684K, reserved 1134592K
  class space    used 12395K, capacity 13288K, committed 14924K, reserved 1048576K
}
Event: 47.359 GC heap after
{Heap after GC invocations=35 (full 0):
 garbage-first heap   total 196608K, used 151778K [0x0000000080000000, 0x0000000100000000)
  region size 1024K, 2 young (2048K), 2 survivors (2048K)
 Metaspace       used 94374K, capacity 96736K, committed 100684K, reserved 1134592K
  class space    used 12395K, capacity 13288K, committed 14924K, reserved 1048576K
}
Event: 47.392 GC heap before
{Heap before GC invocations=36 (full 0):
 garbage-first heap   total 196608K, used 170210K [0x0000000080000000, 0x0000000100000000)
  region size 1024K, 20 young (20480K), 2 survivors (2048K)
 Metaspace       used 94376K, capacity 96736K, committed 100684K, reserved 1134592K
  class space    used 12395K, capacity 13288K, committed 14924K, reserved 1048576K
}
Event: 47.396 GC heap after
{Heap after GC invocations=37 (full 0):
 garbage-first heap   total 196608K, used 152584K [0x0000000080000000, 0x0000000100000000)
  region size 1024K, 3 young (3072K), 3 survivors (3072K)
 Metaspace       used 94376K, capacity 96736K, committed 100684K, reserved 1134592K
  class space    used 12395K, capacity 13288K, committed 14924K, reserved 1048576K
}
Event: 47.406 GC heap before
{Heap before GC invocations=37 (full 0):
 garbage-first heap   total 196608K, used 157704K [0x0000000080000000, 0x0000000100000000)
  region size 1024K, 9 young (9216K), 3 survivors (3072K)
 Metaspace       used 94379K, capacity 96739K, committed 100684K, reserved 1134592K
  class space    used 12395K, capacity 13289K, committed 14924K, reserved 1048576K
}
Event: 47.411 GC heap after
{Heap after GC invocations=38 (full 0):
 garbage-first heap   total 196608K, used 151499K [0x0000000080000000, 0x0000000100000000)
  region size 1024K, 1 young (1024K), 1 survivors (1024K)
 Metaspace       used 94379K, capacity 96739K, committed 100684K, reserved 1134592K
  class space    used 12395K, capacity 13289K, committed 14924K, reserved 1048576K
}
Event: 47.445 GC heap before
{Heap before GC invocations=38 (full 0):
 garbage-first heap   total 196608K, used 168907K [0x0000000080000000, 0x0000000100000000)
  region size 1024K, 19 young (19456K), 1 survivors (1024K)
 Metaspace       used 94400K, capacity 96751K, committed 100684K, reserved 1134592K
  class space    used 12400K, capacity 13293K, committed 14924K, reserved 1048576K
}
Event: 47.448 GC heap after
{Heap after GC invocations=39 (full 0):
 garbage-first heap   total 196608K, used 152346K [0x0000000080000000, 0x0000000100000000)
  region size 1024K, 2 young (2048K), 2 survivors (2048K)
 Metaspace       used 94400K, capacity 96751K, committed 100684K, reserved 1134592K
  class space    used 12400K, capacity 13293K, committed 14924K, reserved 1048576K
}
Event: 47.485 GC heap before
{Heap before GC invocations=39 (full 0):
 garbage-first heap   total 196608K, used 170778K [0x0000000080000000, 0x0000000100000000)
  region size 1024K, 20 young (20480K), 2 survivors (2048K)
 Metaspace       used 94409K, capacity 96815K, committed 100684K, reserved 1134592K
  class space    used 12400K, capacity 13293K, committed 14924K, reserved 1048576K
}
Event: 47.490 GC heap after
{Heap after GC invocations=40 (full 0):
 garbage-first heap   total 314368K, used 153669K [0x0000000080000000, 0x0000000100000000)
  region size 1024K, 3 young (3072K), 3 survivors (3072K)
 Metaspace       used 94409K, capacity 96815K, committed 100684K, reserved 1134592K
  class space    used 12400K, capacity 13293K, committed 14924K, reserved 1048576K
}
Event: 47.718 GC heap before
{Heap before GC invocations=41 (full 0):
 garbage-first heap   total 314368K, used 220229K [0x0000000080000000, 0x0000000100000000)
  region size 1024K, 68 young (69632K), 3 survivors (3072K)
 Metaspace       used 94582K, capacity 96993K, committed 100940K, reserved 1134592K
  class space    used 12415K, capacity 13331K, committed 14924K, reserved 1048576K
}
Event: 47.723 GC heap after
{Heap after GC invocations=42 (full 0):
 garbage-first heap   total 314368K, used 155761K [0x0000000080000000, 0x0000000100000000)
  region size 1024K, 5 young (5120K), 5 survivors (5120K)
 Metaspace       used 94582K, capacity 96993K, committed 100940K, reserved 1134592K
  class space    used 12415K, capacity 13331K, committed 14924K, reserved 1048576K
}
Event: 47.859 GC heap before
{Heap before GC invocations=42 (full 0):
 garbage-first heap   total 314368K, used 227441K [0x0000000080000000, 0x0000000100000000)
  region size 1024K, 75 young (76800K), 5 survivors (5120K)
 Metaspace       used 94830K, capacity 97267K, committed 101196K, reserved 1136640K
  class space    used 12460K, capacity 13380K, committed 14924K, reserved 1048576K
}
Event: 47.866 GC heap after
{Heap after GC invocations=43 (full 0):
 garbage-first heap   total 314368K, used 157422K [0x0000000080000000, 0x0000000100000000)
  region size 1024K, 7 young (7168K), 7 survivors (7168K)
 Metaspace       used 94830K, capacity 97267K, committed 101196K, reserved 1136640K
  class space    used 12460K, capacity 13380K, committed 14924K, reserved 1048576K
}
Event: 48.041 GC heap before
{Heap before GC invocations=43 (full 0):
 garbage-first heap   total 314368K, used 233198K [0x0000000080000000, 0x0000000100000000)
  region size 1024K, 81 young (82944K), 7 survivors (7168K)
 Metaspace       used 94987K, capacity 97422K, committed 101196K, reserved 1136640K
  class space    used 12470K, capacity 13388K, committed 14924K, reserved 1048576K
}
Event: 48.049 GC heap after
{Heap after GC invocations=44 (full 0):
 garbage-first heap   total 314368K, used 159375K [0x0000000080000000, 0x0000000100000000)
  region size 1024K, 8 young (8192K), 8 survivors (8192K)
 Metaspace       used 94987K, capacity 97422K, committed 101196K, reserved 1136640K
  class space    used 12470K, capacity 13388K, committed 14924K, reserved 1048576K
}
Event: 48.233 GC heap before
{Heap before GC invocations=45 (full 0):
 garbage-first heap   total 314368K, used 238223K [0x0000000080000000, 0x0000000100000000)
  region size 1024K, 86 young (88064K), 8 survivors (8192K)
 Metaspace       used 95169K, capacity 97620K, committed 101452K, reserved 1136640K
  class space    used 12488K, capacity 13413K, committed 14924K, reserved 1048576K
}

