# JRE version: OpenJDK Runtime Environment (11.0.10) (build 11.0.10+0-b96-7249189)
# Java VM: OpenJDK 64-Bit Server VM (11.0.10+0-b96-7249189, mixed mode, tiered, compressed oops, g1 gc, windows-amd64)
Heap:
 garbage-first heap   total 568320K, used 167723K [0x0000000080000000, 0x0000000100000000)
  region size 1024K, 6 young (6144K), 6 survivors (6144K)
 Metaspace       used 108455K, capacity 111196K, committed 113664K, reserved 1146880K
  class space    used 13747K, capacity 14807K, committed 15948K, reserved 1048576K
GC Heap History (20 events):
Event: 31.895 GC heap after
{Heap after GC invocations=40 (full 0):
 garbage-first heap   total 236544K, used 157542K [0x0000000080000000, 0x0000000100000000)
  region size 1024K, 5 young (5120K), 5 survivors (5120K)
 Metaspace       used 106890K, capacity 109460K, committed 112512K, reserved 1146880K
  class space    used 13548K, capacity 14525K, committed 15820K, reserved 1048576K
}
Event: 31.999 GC heap before
{Heap before GC invocations=40 (full 0):
 garbage-first heap   total 236544K, used 200550K [0x0000000080000000, 0x0000000100000000)
  region size 1024K, 47 young (48128K), 5 survivors (5120K)
 Metaspace       used 106943K, capacity 109561K, committed 112512K, reserved 1146880K
  class space    used 13563K, capacity 14559K, committed 15820K, reserved 1048576K
}
Event: 32.005 GC heap after
{Heap after GC invocations=41 (full 0):
 garbage-first heap   total 236544K, used 158707K [0x0000000080000000, 0x0000000100000000)
  region size 1024K, 3 young (3072K), 3 survivors (3072K)
 Metaspace       used 106943K, capacity 109561K, committed 112512K, reserved 1146880K
  class space    used 13563K, capacity 14559K, committed 15820K, reserved 1048576K
}
Event: 32.103 GC heap before
{Heap before GC invocations=42 (full 0):
 garbage-first heap   total 236544K, used 201715K [0x0000000080000000, 0x0000000100000000)
  region size 1024K, 45 young (46080K), 3 survivors (3072K)
 Metaspace       used 107004K, capacity 109599K, committed 112512K, reserved 1146880K
  class space    used 13580K, capacity 14572K, committed 15820K, reserved 1048576K
}
Event: 32.112 GC heap after
{Heap after GC invocations=43 (full 0):
 garbage-first heap   total 236544K, used 159043K [0x0000000080000000, 0x0000000100000000)
  region size 1024K, 4 young (4096K), 4 survivors (4096K)
 Metaspace       used 107004K, capacity 109599K, committed 112512K, reserved 1146880K
  class space    used 13580K, capacity 14572K, committed 15820K, reserved 1048576K
}
Event: 32.126 GC heap before
{Heap before GC invocations=43 (full 0):
 garbage-first heap   total 236544K, used 166211K [0x0000000080000000, 0x0000000100000000)
  region size 1024K, 11 young (11264K), 4 survivors (4096K)
 Metaspace       used 107023K, capacity 109619K, committed 112512K, reserved 1146880K
  class space    used 13585K, capacity 14579K, committed 15820K, reserved 1048576K
}
Event: 32.130 GC heap after
{Heap after GC invocations=44 (full 0):
 garbage-first heap   total 236544K, used 158560K [0x0000000080000000, 0x0000000100000000)
  region size 1024K, 1 young (1024K), 1 survivors (1024K)
 Metaspace       used 107023K, capacity 109619K, committed 112512K, reserved 1146880K
  class space    used 13585K, capacity 14579K, committed 15820K, reserved 1048576K
}
Event: 32.204 GC heap before
{Heap before GC invocations=44 (full 0):
 garbage-first heap   total 236544K, used 202592K [0x0000000080000000, 0x0000000100000000)
  region size 1024K, 44 young (45056K), 1 survivors (1024K)
 Metaspace       used 107276K, capacity 109855K, committed 112768K, reserved 1146880K
  class space    used 13603K, capacity 14593K, committed 15820K, reserved 1048576K
}
Event: 32.207 GC heap after
{Heap after GC invocations=45 (full 0):
 garbage-first heap   total 236544K, used 159669K [0x0000000080000000, 0x0000000100000000)
  region size 1024K, 2 young (2048K), 2 survivors (2048K)
 Metaspace       used 107276K, capacity 109855K, committed 112768K, reserved 1146880K
  class space    used 13603K, capacity 14593K, committed 15820K, reserved 1048576K
}
Event: 32.269 GC heap before
{Heap before GC invocations=45 (full 0):
 garbage-first heap   total 236544K, used 202677K [0x0000000080000000, 0x0000000100000000)
  region size 1024K, 45 young (46080K), 2 survivors (2048K)
 Metaspace       used 107337K, capacity 109959K, committed 112768K, reserved 1146880K
  class space    used 13611K, capacity 14628K, committed 15820K, reserved 1048576K
}
Event: 32.272 GC heap after
{Heap after GC invocations=46 (full 0):
 garbage-first heap   total 236544K, used 160574K [0x0000000080000000, 0x0000000100000000)
  region size 1024K, 3 young (3072K), 3 survivors (3072K)
 Metaspace       used 107337K, capacity 109959K, committed 112768K, reserved 1146880K
  class space    used 13611K, capacity 14628K, committed 15820K, reserved 1048576K
}
Event: 32.333 GC heap before
{Heap before GC invocations=46 (full 0):
 garbage-first heap   total 236544K, used 203582K [0x0000000080000000, 0x0000000100000000)
  region size 1024K, 45 young (46080K), 3 survivors (3072K)
 Metaspace       used 107416K, capacity 110060K, committed 112768K, reserved 1146880K
  class space    used 13623K, capacity 14640K, committed 15820K, reserved 1048576K
}
Event: 32.338 GC heap after
{Heap after GC invocations=47 (full 0):
 garbage-first heap   total 286720K, used 162150K [0x0000000080000000, 0x0000000100000000)
  region size 1024K, 5 young (5120K), 5 survivors (5120K)
 Metaspace       used 107416K, capacity 110060K, committed 112768K, reserved 1146880K
  class space    used 13623K, capacity 14640K, committed 15820K, reserved 1048576K
}
Event: 32.525 GC heap before
{Heap before GC invocations=47 (full 0):
 garbage-first heap   total 286720K, used 231782K [0x0000000080000000, 0x0000000100000000)
  region size 1024K, 73 young (74752K), 5 survivors (5120K)
 Metaspace       used 107561K, capacity 110206K, committed 113024K, reserved 1146880K
  class space    used 13637K, capacity 14646K, committed 15820K, reserved 1048576K
}
Event: 32.540 GC heap after
{Heap after GC invocations=48 (full 0):
 garbage-first heap   total 286720K, used 163328K [0x0000000080000000, 0x0000000100000000)
  region size 1024K, 6 young (6144K), 6 survivors (6144K)
 Metaspace       used 107561K, capacity 110206K, committed 113024K, reserved 1146880K
  class space    used 13637K, capacity 14646K, committed 15820K, reserved 1048576K
}
Event: 32.675 GC heap before
{Heap before GC invocations=49 (full 0):
 garbage-first heap   total 286720K, used 233984K [0x0000000080000000, 0x0000000100000000)
  region size 1024K, 75 young (76800K), 6 survivors (6144K)
 Metaspace       used 107945K, capacity 110576K, committed 113408K, reserved 1146880K
  class space    used 13682K, capacity 14707K, committed 15948K, reserved 1048576K
}
Event: 32.681 GC heap after
{Heap after GC invocations=50 (full 0):
 garbage-first heap   total 286720K, used 164541K [0x0000000080000000, 0x0000000100000000)
  region size 1024K, 7 young (7168K), 7 survivors (7168K)
 Metaspace       used 107945K, capacity 110576K, committed 113408K, reserved 1146880K
  class space    used 13682K, capacity 14707K, committed 15948K, reserved 1048576K
}
Event: 32.804 GC heap before
{Heap before GC invocations=50 (full 0):
 garbage-first heap   total 286720K, used 237245K [0x0000000080000000, 0x0000000100000000)
  region size 1024K, 78 young (79872K), 7 survivors (7168K)
 Metaspace       used 108155K, capacity 110855K, committed 113664K, reserved 1146880K
  class space    used 13711K, capacity 14736K, committed 15948K, reserved 1048576K
}
Event: 32.811 GC heap after
{Heap after GC invocations=51 (full 0):
 garbage-first heap   total 286720K, used 166770K [0x0000000080000000, 0x0000000100000000)
  region size 1024K, 7 young (7168K), 7 survivors (7168K)
 Metaspace       used 108155K, capacity 110855K, committed 113664K, reserved 1146880K
  class space    used 13711K, capacity 14736K, committed 15948K, reserved 1048576K
}
Event: 32.983 GC heap before
{Heap before GC invocations=51 (full 0):
 garbage-first heap   total 286720K, used 240498K [0x0000000080000000, 0x0000000100000000)
  region size 1024K, 79 young (80896K), 7 survivors (7168K)
 Metaspace       used 108455K, capacity 111196K, committed 113664K, reserved 1146880K
  class space    used 13747K, capacity 14807K, committed 15948K, reserved 1048576K
}

